# JRE version: Java(TM) SE Runtime Environment (8.0_45-b15) (build 1.8.0_45-b15)
# Java VM: Java HotSpot(TM) 64-Bit Server VM (25.45-b02 mixed mode windows-amd64 compressed oops)
Heap:
 PSYoungGen      total 575488K, used 337362K [0x000000076bb80000, 0x0000000791980000, 0x00000007c0000000)
  eden space 564224K, 59% used [0x000000076bb80000,0x00000007804f4858,0x000000078e280000)
  from space 11264K, 0% used [0x000000078e280000,0x000000078e280000,0x000000078ed80000)
  to   space 28160K, 0% used [0x000000078fe00000,0x000000078fe00000,0x0000000791980000)
 ParOldGen       total 123392K, used 86902K [0x00000006c3200000, 0x00000006caa80000, 0x000000076bb80000)
  object space 123392K, 70% used [0x00000006c3200000,0x00000006c86dd878,0x00000006caa80000)
 Metaspace       used 60435K, capacity 65404K, committed 65536K, reserved 1105920K
  class space    used 8267K, capacity 9166K, committed 9216K, reserved 1048576K
GC Heap History (10 events):
Event: 427.200 GC heap before
{Heap before GC invocations=25 (full 8):
 PSYoungGen      total 575488K, used 11183K [0x000000076bb80000, 0x0000000791e80000, 0x00000007c0000000)
  eden space 564224K, 0% used [0x000000076bb80000,0x000000076bb80000,0x000000078e280000)
  from space 11264K, 99% used [0x000000078e280000,0x000000078ed6bd28,0x000000078ed80000)
  to   space 30720K, 0% used [0x0000000790080000,0x0000000790080000,0x0000000791e80000)
 ParOldGen       total 123392K, used 65811K [0x00000006c3200000, 0x00000006caa80000, 0x000000076bb80000)
  object space 123392K, 53% used [0x00000006c3200000,0x00000006c7244fb0,0x00000006caa80000)
 Metaspace       used 58494K, capacity 63144K, committed 63232K, reserved 1103872K
  class space    used 8078K, capacity 8904K, committed 8960K, reserved 1048576K
Event: 427.615 GC heap after
Heap after GC invocations=25 (full 8):
 PSYoungGen      total 575488K, used 0K [0x000000076bb80000, 0x0000000791e80000, 0x00000007c0000000)
  eden space 564224K, 0% used [0x000000076bb80000,0x000000076bb80000,0x000000078e280000)
  from space 11264K, 0% used [0x000000078e280000,0x000000078e280000,0x000000078ed80000)
  to   space 30720K, 0% used [0x0000000790080000,0x0000000790080000,0x0000000791e80000)
 ParOldGen       total 123392K, used 75790K [0x00000006c3200000, 0x00000006caa80000, 0x000000076bb80000)
  object space 123392K, 61% used [0x00000006c3200000,0x00000006c7c03ad0,0x00000006caa80000)
 Metaspace       used 58490K, capacity 63138K, committed 63232K, reserved 1103872K
  class space    used 8078K, capacity 8903K, committed 8960K, reserved 1048576K
}
Event: 602.540 GC heap before
{Heap before GC invocations=26 (full 8):
 PSYoungGen      total 575488K, used 367276K [0x000000076bb80000, 0x0000000791e80000, 0x00000007c0000000)
  eden space 564224K, 65% used [0x000000076bb80000,0x000000078222b068,0x000000078e280000)
  from space 11264K, 0% used [0x000000078e280000,0x000000078e280000,0x000000078ed80000)
  to   space 30720K, 0% used [0x0000000790080000,0x0000000790080000,0x0000000791e80000)
 ParOldGen       total 123392K, used 75790K [0x00000006c3200000, 0x00000006caa80000, 0x000000076bb80000)
  object space 123392K, 61% used [0x00000006c3200000,0x00000006c7c03ad0,0x00000006caa80000)
 Metaspace       used 59104K, capacity 63792K, committed 64128K, reserved 1103872K
  class space    used 8139K, capacity 8985K, committed 9088K, reserved 1048576K
Event: 602.549 GC heap after
Heap after GC invocations=26 (full 8):
 PSYoungGen      total 591872K, used 10951K [0x000000076bb80000, 0x0000000791b80000, 0x00000007c0000000)
  eden space 564224K, 0% used [0x000000076bb80000,0x000000076bb80000,0x000000078e280000)
  from space 27648K, 39% used [0x0000000790080000,0x0000000790b31fe8,0x0000000791b80000)
  to   space 29184K, 0% used [0x000000078e280000,0x000000078e280000,0x000000078ff00000)
 ParOldGen       total 123392K, used 75798K [0x00000006c3200000, 0x00000006caa80000, 0x000000076bb80000)
  object space 123392K, 61% used [0x00000006c3200000,0x00000006c7c05ad0,0x00000006caa80000)
 Metaspace       used 59104K, capacity 63792K, committed 64128K, reserved 1103872K
  class space    used 8139K, capacity 8985K, committed 9088K, reserved 1048576K
}
Event: 602.549 GC heap before
{Heap before GC invocations=27 (full 9):
 PSYoungGen      total 591872K, used 10951K [0x000000076bb80000, 0x0000000791b80000, 0x00000007c0000000)
  eden space 564224K, 0% used [0x000000076bb80000,0x000000076bb80000,0x000000078e280000)
  from space 27648K, 39% used [0x0000000790080000,0x0000000790b31fe8,0x0000000791b80000)
  to   space 29184K, 0% used [0x000000078e280000,0x000000078e280000,0x000000078ff00000)
 ParOldGen       total 123392K, used 75798K [0x00000006c3200000, 0x00000006caa80000, 0x000000076bb80000)
  object space 123392K, 61% used [0x00000006c3200000,0x00000006c7c05ad0,0x00000006caa80000)
 Metaspace       used 59104K, capacity 63792K, committed 64128K, reserved 1103872K
  class space    used 8139K, capacity 8985K, committed 9088K, reserved 1048576K
Event: 602.973 GC heap after
Heap after GC invocations=27 (full 9):
 PSYoungGen      total 591872K, used 0K [0x000000076bb80000, 0x0000000791b80000, 0x00000007c0000000)
  eden space 564224K, 0% used [0x000000076bb80000,0x000000076bb80000,0x000000078e280000)
  from space 27648K, 0% used [0x0000000790080000,0x0000000790080000,0x0000000791b80000)
  to   space 29184K, 0% used [0x000000078e280000,0x000000078e280000,0x000000078ff00000)
 ParOldGen       total 123392K, used 81200K [0x00000006c3200000, 0x00000006caa80000, 0x000000076bb80000)
  object space 123392K, 65% used [0x00000006c3200000,0x00000006c814c230,0x00000006caa80000)
 Metaspace       used 59100K, capacity 63786K, committed 64128K, reserved 1103872K
  class space    used 8139K, capacity 8984K, committed 9088K, reserved 1048576K
}
Event: 673.524 GC heap before
{Heap before GC invocations=28 (full 9):
 PSYoungGen      total 591872K, used 334896K [0x000000076bb80000, 0x0000000791b80000, 0x00000007c0000000)
  eden space 564224K, 59% used [0x000000076bb80000,0x000000078028c240,0x000000078e280000)
  from space 27648K, 0% used [0x0000000790080000,0x0000000790080000,0x0000000791b80000)
  to   space 29184K, 0% used [0x000000078e280000,0x000000078e280000,0x000000078ff00000)
 ParOldGen       total 123392K, used 81200K [0x00000006c3200000, 0x00000006caa80000, 0x000000076bb80000)
  object space 123392K, 65% used [0x00000006c3200000,0x00000006c814c230,0x00000006caa80000)
 Metaspace       used 59879K, capacity 64724K, committed 65024K, reserved 1105920K
  class space    used 8211K, capacity 9092K, committed 9216K, reserved 1048576K
Event: 673.539 GC heap after
Heap after GC invocations=28 (full 9):
 PSYoungGen      total 575488K, used 11146K [0x000000076bb80000, 0x0000000791980000, 0x00000007c0000000)
  eden space 564224K, 0% used [0x000000076bb80000,0x000000076bb80000,0x000000078e280000)
  from space 11264K, 98% used [0x000000078e280000,0x000000078ed628e0,0x000000078ed80000)
  to   space 28160K, 0% used [0x000000078fe00000,0x000000078fe00000,0x0000000791980000)
 ParOldGen       total 123392K, used 81208K [0x00000006c3200000, 0x00000006caa80000, 0x000000076bb80000)
  object space 123392K, 65% used [0x00000006c3200000,0x00000006c814e230,0x00000006caa80000)
 Metaspace       used 59879K, capacity 64724K, committed 65024K, reserved 1105920K
  class space    used 8211K, capacity 9092K, committed 9216K, reserved 1048576K
}
Event: 673.539 GC heap before
{Heap before GC invocations=29 (full 10):
 PSYoungGen      total 575488K, used 11146K [0x000000076bb80000, 0x0000000791980000, 0x00000007c0000000)
  eden space 564224K, 0% used [0x000000076bb80000,0x000000076bb80000,0x000000078e280000)
  from space 11264K, 98% used [0x000000078e280000,0x000000078ed628e0,0x000000078ed80000)
  to   space 28160K, 0% used [0x000000078fe00000,0x000000078fe00000,0x0000000791980000)
 ParOldGen       total 123392K, used 81208K [0x00000006c3200000, 0x00000006caa80000, 0x000000076bb80000)
  object space 123392K, 65% used [0x00000006c3200000,0x00000006c814e230,0x00000006caa80000)
 Metaspace       used 59879K, capacity 64724K, committed 65024K, reserved 1105920K
  class space    used 8211K, capacity 9092K, committed 9216K, reserved 1048576K
Event: 674.096 GC heap after
Heap after GC invocations=29 (full 10):
 PSYoungGen      total 575488K, used 0K [0x000000076bb80000, 0x0000000791980000, 0x00000007c0000000)
  eden space 564224K, 0% used [0x000000076bb80000,0x000000076bb80000,0x000000078e280000)
  from space 11264K, 0% used [0x000000078e280000,0x000000078e280000,0x000000078ed80000)
  to   space 28160K, 0% used [0x000000078fe00000,0x000000078fe00000,0x0000000791980000)
 ParOldGen       total 123392K, used 86902K [0x00000006c3200000, 0x00000006caa80000, 0x000000076bb80000)
  object space 123392K, 70% used [0x00000006c3200000,0x00000006c86dd878,0x00000006caa80000)
 Metaspace       used 59875K, capacity 64718K, committed 65024K, reserved 1105920K
  class space    used 8210K, capacity 9091K, committed 9216K, reserved 1048576K
}

