# JRE version: Java(TM) SE Runtime Environment (8.0_45-b15) (build 1.8.0_45-b15)
# Java VM: Java HotSpot(TM) 64-Bit Server VM (25.45-b02 mixed mode windows-amd64 compressed oops)
Heap:
 PSYoungGen      total 276480K, used 242523K [0x000000076bb80000, 0x0000000781900000, 0x00000007c0000000)
  eden space 271872K, 89% used [0x000000076bb80000,0x000000077a856cc0,0x000000077c500000)
  from space 4608K, 0% used [0x0000000781480000,0x0000000781480000,0x0000000781900000)
  to   space 13824K, 0% used [0x000000077fe00000,0x000000077fe00000,0x0000000780b80000)
 ParOldGen       total 132096K, used 27596K [0x00000006c3200000, 0x00000006cb300000, 0x000000076bb80000)
  object space 132096K, 20% used [0x00000006c3200000,0x00000006c4cf3048,0x00000006cb300000)
 Metaspace       used 54533K, capacity 59538K, committed 59776K, reserved 1099776K
  class space    used 7350K, capacity 8466K, committed 8576K, reserved 1048576K
GC Heap History (10 events):
Event: 1691.476 GC heap before
{Heap before GC invocations=34 (full 12):
 PSYoungGen      total 287232K, used 172521K [0x000000076bb80000, 0x0000000783000000, 0x00000007c0000000)
  eden space 281600K, 61% used [0x000000076bb80000,0x00000007763fa500,0x000000077ce80000)
  from space 5632K, 0% used [0x0000000781600000,0x0000000781600000,0x0000000781b80000)
  to   space 14848K, 0% used [0x0000000782180000,0x0000000782180000,0x0000000783000000)
 ParOldGen       total 132096K, used 27973K [0x00000006c3200000, 0x00000006cb300000, 0x000000076bb80000)
  object space 132096K, 21% used [0x00000006c3200000,0x00000006c4d517b0,0x00000006cb300000)
 Metaspace       used 53409K, capacity 58452K, committed 58496K, reserved 1099776K
  class space    used 7243K, capacity 8284K, committed 8320K, reserved 1048576K
Event: 1691.484 GC heap after
Heap after GC invocations=34 (full 12):
 PSYoungGen      total 287744K, used 5763K [0x000000076bb80000, 0x0000000782780000, 0x00000007c0000000)
  eden space 281600K, 0% used [0x000000076bb80000,0x000000076bb80000,0x000000077ce80000)
  from space 6144K, 93% used [0x0000000782180000,0x0000000782720e50,0x0000000782780000)
  to   space 14336K, 0% used [0x0000000780b80000,0x0000000780b80000,0x0000000781980000)
 ParOldGen       total 132096K, used 27981K [0x00000006c3200000, 0x00000006cb300000, 0x000000076bb80000)
  object space 132096K, 21% used [0x00000006c3200000,0x00000006c4d537b0,0x00000006cb300000)
 Metaspace       used 53409K, capacity 58452K, committed 58496K, reserved 1099776K
  class space    used 7243K, capacity 8284K, committed 8320K, reserved 1048576K
}
Event: 1691.484 GC heap before
{Heap before GC invocations=35 (full 13):
 PSYoungGen      total 287744K, used 5763K [0x000000076bb80000, 0x0000000782780000, 0x00000007c0000000)
  eden space 281600K, 0% used [0x000000076bb80000,0x000000076bb80000,0x000000077ce80000)
  from space 6144K, 93% used [0x0000000782180000,0x0000000782720e50,0x0000000782780000)
  to   space 14336K, 0% used [0x0000000780b80000,0x0000000780b80000,0x0000000781980000)
 ParOldGen       total 132096K, used 27981K [0x00000006c3200000, 0x00000006cb300000, 0x000000076bb80000)
  object space 132096K, 21% used [0x00000006c3200000,0x00000006c4d537b0,0x00000006cb300000)
 Metaspace       used 53409K, capacity 58452K, committed 58496K, reserved 1099776K
  class space    used 7243K, capacity 8284K, committed 8320K, reserved 1048576K
Event: 1691.721 GC heap after
Heap after GC invocations=35 (full 13):
 PSYoungGen      total 287744K, used 0K [0x000000076bb80000, 0x0000000782780000, 0x00000007c0000000)
  eden space 281600K, 0% used [0x000000076bb80000,0x000000076bb80000,0x000000077ce80000)
  from space 6144K, 0% used [0x0000000782180000,0x0000000782180000,0x0000000782780000)
  to   space 14336K, 0% used [0x0000000780b80000,0x0000000780b80000,0x0000000781980000)
 ParOldGen       total 132096K, used 28688K [0x00000006c3200000, 0x00000006cb300000, 0x000000076bb80000)
  object space 132096K, 21% used [0x00000006c3200000,0x00000006c4e04248,0x00000006cb300000)
 Metaspace       used 53402K, capacity 58440K, committed 58496K, reserved 1099776K
  class space    used 7242K, capacity 8281K, committed 8320K, reserved 1048576K
}
Event: 1894.165 GC heap before
{Heap before GC invocations=36 (full 13):
 PSYoungGen      total 287744K, used 281600K [0x000000076bb80000, 0x0000000782780000, 0x00000007c0000000)
  eden space 281600K, 100% used [0x000000076bb80000,0x000000077ce80000,0x000000077ce80000)
  from space 6144K, 0% used [0x0000000782180000,0x0000000782180000,0x0000000782780000)
  to   space 14336K, 0% used [0x0000000780b80000,0x0000000780b80000,0x0000000781980000)
 ParOldGen       total 132096K, used 28688K [0x00000006c3200000, 0x00000006cb300000, 0x000000076bb80000)
  object space 132096K, 21% used [0x00000006c3200000,0x00000006c4e04248,0x00000006cb300000)
 Metaspace       used 53824K, capacity 58948K, committed 59136K, reserved 1099776K
  class space    used 7286K, capacity 8359K, committed 8448K, reserved 1048576K
Event: 1894.172 GC heap after
Heap after GC invocations=36 (full 13):
 PSYoungGen      total 279040K, used 6772K [0x000000076bb80000, 0x0000000782200000, 0x00000007c0000000)
  eden space 271872K, 0% used [0x000000076bb80000,0x000000076bb80000,0x000000077c500000)
  from space 7168K, 94% used [0x0000000780b80000,0x000000078121d138,0x0000000781280000)
  to   space 13824K, 0% used [0x0000000781480000,0x0000000781480000,0x0000000782200000)
 ParOldGen       total 132096K, used 28696K [0x00000006c3200000, 0x00000006cb300000, 0x000000076bb80000)
  object space 132096K, 21% used [0x00000006c3200000,0x00000006c4e06248,0x00000006cb300000)
 Metaspace       used 53824K, capacity 58948K, committed 59136K, reserved 1099776K
  class space    used 7286K, capacity 8359K, committed 8448K, reserved 1048576K
}
Event: 2047.726 GC heap before
{Heap before GC invocations=37 (full 13):
 PSYoungGen      total 279040K, used 109908K [0x000000076bb80000, 0x0000000782200000, 0x00000007c0000000)
  eden space 271872K, 37% used [0x000000076bb80000,0x0000000772038270,0x000000077c500000)
  from space 7168K, 94% used [0x0000000780b80000,0x000000078121d138,0x0000000781280000)
  to   space 13824K, 0% used [0x0000000781480000,0x0000000781480000,0x0000000782200000)
 ParOldGen       total 132096K, used 28696K [0x00000006c3200000, 0x00000006cb300000, 0x000000076bb80000)
  object space 132096K, 21% used [0x00000006c3200000,0x00000006c4e06248,0x00000006cb300000)
 Metaspace       used 53990K, capacity 58992K, committed 59136K, reserved 1099776K
  class space    used 7298K, capacity 8394K, committed 8448K, reserved 1048576K
Event: 2047.730 GC heap after
Heap after GC invocations=37 (full 13):
 PSYoungGen      total 276480K, used 4146K [0x000000076bb80000, 0x0000000781900000, 0x00000007c0000000)
  eden space 271872K, 0% used [0x000000076bb80000,0x000000076bb80000,0x000000077c500000)
  from space 4608K, 89% used [0x0000000781480000,0x000000078188cbf0,0x0000000781900000)
  to   space 13824K, 0% used [0x000000077fe00000,0x000000077fe00000,0x0000000780b80000)
 ParOldGen       total 132096K, used 28696K [0x00000006c3200000, 0x00000006cb300000, 0x000000076bb80000)
  object space 132096K, 21% used [0x00000006c3200000,0x00000006c4e06248,0x00000006cb300000)
 Metaspace       used 53990K, capacity 58992K, committed 59136K, reserved 1099776K
  class space    used 7298K, capacity 8394K, committed 8448K, reserved 1048576K
}
Event: 2047.730 GC heap before
{Heap before GC invocations=38 (full 14):
 PSYoungGen      total 276480K, used 4146K [0x000000076bb80000, 0x0000000781900000, 0x00000007c0000000)
  eden space 271872K, 0% used [0x000000076bb80000,0x000000076bb80000,0x000000077c500000)
  from space 4608K, 89% used [0x0000000781480000,0x000000078188cbf0,0x0000000781900000)
  to   space 13824K, 0% used [0x000000077fe00000,0x000000077fe00000,0x0000000780b80000)
 ParOldGen       total 132096K, used 28696K [0x00000006c3200000, 0x00000006cb300000, 0x000000076bb80000)
  object space 132096K, 21% used [0x00000006c3200000,0x00000006c4e06248,0x00000006cb300000)
 Metaspace       used 53990K, capacity 58992K, committed 59136K, reserved 1099776K
  class space    used 7298K, capacity 8394K, committed 8448K, reserved 1048576K
Event: 2047.862 GC heap after
Heap after GC invocations=38 (full 14):
 PSYoungGen      total 276480K, used 0K [0x000000076bb80000, 0x0000000781900000, 0x00000007c0000000)
  eden space 271872K, 0% used [0x000000076bb80000,0x000000076bb80000,0x000000077c500000)
  from space 4608K, 0% used [0x0000000781480000,0x0000000781480000,0x0000000781900000)
  to   space 13824K, 0% used [0x000000077fe00000,0x000000077fe00000,0x0000000780b80000)
 ParOldGen       total 132096K, used 27596K [0x00000006c3200000, 0x00000006cb300000, 0x000000076bb80000)
  object space 132096K, 20% used [0x00000006c3200000,0x00000006c4cf3048,0x00000006cb300000)
 Metaspace       used 53984K, capacity 58980K, committed 59136K, reserved 1099776K
  class space    used 7297K, capacity 8391K, committed 8448K, reserved 1048576K
}

